*** Starting uWSGI 2.0.26 (64bit) on [Mon Aug 19 16:54:42 2024] ***
compiled with version: 11.4.0 on 19 August 2024 08:17:04
os: Linux-5.15.0-113-generic #123-Ubuntu SMP Mon Jun 10 08:16:17 UTC 2024
nodename: iZmj7b5kl8d6sccdcc2cdkZ
machine: x86_64
clock source: unix
detected number of CPU cores: 2
current working directory: /home/ecs-user/application/scripts
writing pidfile to /home/ecs-user/application/scripts/run/uwsgi.pid
detected binary path: /home/ecs-user/application/DjangoProject/.venv/bin/uwsgi
!!! no internal routing support, rebuild with pcre support !!!
chdir() to /home/ecs-user/application/BackendService
chdir(): No such file or directory [core/uwsgi.c line 2597]
*** Starting uWSGI 2.0.26 (64bit) on [Mon Aug 19 18:04:28 2024] ***
compiled with version: 11.4.0 on 19 August 2024 08:17:04
os: Linux-5.15.0-113-generic #123-Ubuntu SMP Mon Jun 10 08:16:17 UTC 2024
nodename: iZmj7b5kl8d6sccdcc2cdkZ
machine: x86_64
clock source: unix
detected number of CPU cores: 2
current working directory: /home/ecs-user/application
writing pidfile to /home/ecs-user/application/scripts/run/uwsgi.pid
detected binary path: /home/ecs-user/application/DjangoProject/.venv/bin/uwsgi
!!! no internal routing support, rebuild with pcre support !!!
chdir() to /home/ecs-user/application/BackendService
chdir(): No such file or directory [core/uwsgi.c line 2597]
